<?xml version="1.0" encoding="UTF-8"?>
<!-- Generated by org.testng.reporters.JUnitXMLReporter -->
<testsuite hostname="MQTLPSYS0025" name="Test" tests="4" failures="0" timestamp="23 Mar 2023 04:55:33 GMT" time="56.031" errors="0">
  <testcase name="Rol" time="13.022" classname="com.ebanking.master.RoleNg"/>
  <testcase name="Rol" time="12.919" classname="com.ebanking.master.RoleNg"/>
  <testcase name="Rol" time="12.931" classname="com.ebanking.master.RoleNg"/>
  <testcase name="Br" time="10.536" classname="com.ebanking.master.BranchNG"/>
</testsuite> <!-- Test -->
