<?xml version="1.0" encoding="UTF-8"?>
<testng-results skipped="0" failed="0" total="2" passed="2">
  <reporter-output>
  </reporter-output>
  <suite name="Suite" duration-ms="31755" started-at="2023-04-01T05:39:08Z" finished-at="2023-04-01T05:39:40Z">
    <groups>
    </groups>
    <test name="On chrome" duration-ms="26037" started-at="2023-04-01T05:39:08Z" finished-at="2023-04-01T05:39:34Z">
      <class name="com.ebanking.master.Sgrid">
        <test-method status="PASS" signature="Gd(java.lang.String)[pri:0, instance:com.ebanking.master.Sgrid@1bd9247]" name="Gd" duration-ms="26020" started-at="2023-04-01T11:09:08Z" finished-at="2023-04-01T11:09:34Z">
          <params>
            <param index="0">
              <value>
                <![CDATA[chrome]]>
              </value>
            </param>
          </params>
          <reporter-output>
          </reporter-output>
        </test-method> <!-- Gd -->
      </class> <!-- com.ebanking.master.Sgrid -->
    </test> <!-- On chrome -->
    <test name="On firefox" duration-ms="31755" started-at="2023-04-01T05:39:08Z" finished-at="2023-04-01T05:39:40Z">
      <class name="com.ebanking.master.Sgrid">
        <test-method status="PASS" signature="Gd(java.lang.String)[pri:0, instance:com.ebanking.master.Sgrid@17246de]" name="Gd" duration-ms="31745" started-at="2023-04-01T11:09:08Z" finished-at="2023-04-01T11:09:40Z">
          <params>
            <param index="0">
              <value>
                <![CDATA[firefox]]>
              </value>
            </param>
          </params>
          <reporter-output>
          </reporter-output>
        </test-method> <!-- Gd -->
      </class> <!-- com.ebanking.master.Sgrid -->
    </test> <!-- On firefox -->
  </suite> <!-- Suite -->
</testng-results>
